# JRE version: Java(TM) SE Runtime Environment (8.0_60-b27) (build 1.8.0_60-b27)
# Java VM: Java HotSpot(TM) 64-Bit Server VM (25.60-b23 mixed mode linux-amd64 compressed oops)
Heap:
 def new generation   total 19136K, used 0K [0x00000000c2200000, 0x00000000c36c0000, 0x00000000d6c00000)
  eden space 17024K,   0% used [0x00000000c2200000, 0x00000000c2200000, 0x00000000c32a0000)
  from space 2112K,   0% used [0x00000000c34b0000, 0x00000000c34b0000, 0x00000000c36c0000)
  to   space 2112K,   0% used [0x00000000c32a0000, 0x00000000c32a0000, 0x00000000c34b0000)
 tenured generation   total 42368K, used 7497K [0x00000000d6c00000, 0x00000000d9560000, 0x0000000100000000)
   the space 42368K,  17% used [0x00000000d6c00000, 0x00000000d7352740, 0x00000000d7352800, 0x00000000d9560000)
 Metaspace       used 22057K, capacity 22340K, committed 22400K, reserved 1069056K
  class space    used 2588K, capacity 2680K, committed 2688K, reserved 1048576K
GC Heap History (10 events):
Event: 9.073 GC heap before
{Heap before GC invocations=8 (full 0):
 def new generation   total 19008K, used 18566K [0x00000000c2200000, 0x00000000c36a0000, 0x00000000d6c00000)
  eden space 16896K, 100% used [0x00000000c2200000, 0x00000000c3280000, 0x00000000c3280000)
  from space 2112K,  79% used [0x00000000c3280000, 0x00000000c3421a80, 0x00000000c3490000)
  to   space 2112K,   0% used [0x00000000c3490000, 0x00000000c3490000, 0x00000000c36a0000)
 tenured generation   total 42368K, used 4282K [0x00000000d6c00000, 0x00000000d9560000, 0x0000000100000000)
   the space 42368K,  10% used [0x00000000d6c00000, 0x00000000d702e898, 0x00000000d702ea00, 0x00000000d9560000)
 Metaspace       used 19843K, capacity 20100K, committed 20352K, reserved 1067008K
  class space    used 2335K, capacity 2424K, committed 2432K, reserved 1048576K
Event: 9.078 GC heap after
Heap after GC invocations=9 (full 0):
 def new generation   total 19008K, used 2111K [0x00000000c2200000, 0x00000000c36a0000, 0x00000000d6c00000)
  eden space 16896K,   0% used [0x00000000c2200000, 0x00000000c2200000, 0x00000000c3280000)
  from space 2112K,  99% used [0x00000000c3490000, 0x00000000c369fff8, 0x00000000c36a0000)
  to   space 2112K,   0% used [0x00000000c3280000, 0x00000000c3280000, 0x00000000c3490000)
 tenured generation   total 42368K, used 4828K [0x00000000d6c00000, 0x00000000d9560000, 0x0000000100000000)
   the space 42368K,  11% used [0x00000000d6c00000, 0x00000000d70b7200, 0x00000000d70b7200, 0x00000000d9560000)
 Metaspace       used 19843K, capacity 20100K, committed 20352K, reserved 1067008K
  class space    used 2335K, capacity 2424K, committed 2432K, reserved 1048576K
}
Event: 10.118 GC heap before
{Heap before GC invocations=9 (full 0):
 def new generation   total 19008K, used 17650K [0x00000000c2200000, 0x00000000c36a0000, 0x00000000d6c00000)
  eden space 16896K,  91% used [0x00000000c2200000, 0x00000000c312ca28, 0x00000000c3280000)
  from space 2112K,  99% used [0x00000000c3490000, 0x00000000c369fff8, 0x00000000c36a0000)
  to   space 2112K,   0% used [0x00000000c3280000, 0x00000000c3280000, 0x00000000c3490000)
 tenured generation   total 42368K, used 4828K [0x00000000d6c00000, 0x00000000d9560000, 0x0000000100000000)
   the space 42368K,  11% used [0x00000000d6c00000, 0x00000000d70b7200, 0x00000000d70b7200, 0x00000000d9560000)
 Metaspace       used 20914K, capacity 21188K, committed 21248K, reserved 1069056K
  class space    used 2457K, capacity 2552K, committed 2560K, reserved 1048576K
Event: 10.176 GC heap after
Heap after GC invocations=10 (full 1):
 def new generation   total 19136K, used 0K [0x00000000c2200000, 0x00000000c36c0000, 0x00000000d6c00000)
  eden space 17024K,   0% used [0x00000000c2200000, 0x00000000c2200000, 0x00000000c32a0000)
  from space 2112K,   0% used [0x00000000c32a0000, 0x00000000c32a0000, 0x00000000c34b0000)
  to   space 2112K,   0% used [0x00000000c34b0000, 0x00000000c34b0000, 0x00000000c36c0000)
 tenured generation   total 42368K, used 6400K [0x00000000d6c00000, 0x00000000d9560000, 0x0000000100000000)
   the space 42368K,  15% used [0x00000000d6c00000, 0x00000000d7240090, 0x00000000d7240200, 0x00000000d9560000)
 Metaspace       used 20914K, capacity 21188K, committed 21248K, reserved 1069056K
  class space    used 2457K, capacity 2552K, committed 2560K, reserved 1048576K
}
Event: 10.757 GC heap before
{Heap before GC invocations=10 (full 1):
 def new generation   total 19136K, used 17024K [0x00000000c2200000, 0x00000000c36c0000, 0x00000000d6c00000)
  eden space 17024K, 100% used [0x00000000c2200000, 0x00000000c32a0000, 0x00000000c32a0000)
  from space 2112K,   0% used [0x00000000c32a0000, 0x00000000c32a0000, 0x00000000c34b0000)
  to   space 2112K,   0% used [0x00000000c34b0000, 0x00000000c34b0000, 0x00000000c36c0000)
 tenured generation   total 42368K, used 6400K [0x00000000d6c00000, 0x00000000d9560000, 0x0000000100000000)
   the space 42368K,  15% used [0x00000000d6c00000, 0x00000000d7240090, 0x00000000d7240200, 0x00000000d9560000)
 Metaspace       used 21193K, capacity 21444K, committed 21504K, reserved 1069056K
  class space    used 2481K, capacity 2552K, committed 2560K, reserved 1048576K
Event: 10.759 GC heap after
Heap after GC invocations=11 (full 1):
 def new generation   total 19136K, used 961K [0x00000000c2200000, 0x00000000c36c0000, 0x00000000d6c00000)
  eden space 17024K,   0% used [0x00000000c2200000, 0x00000000c2200000, 0x00000000c32a0000)
  from space 2112K,  45% used [0x00000000c34b0000, 0x00000000c35a04c0, 0x00000000c36c0000)
  to   space 2112K,   0% used [0x00000000c32a0000, 0x00000000c32a0000, 0x00000000c34b0000)
 tenured generation   total 42368K, used 6400K [0x00000000d6c00000, 0x00000000d9560000, 0x0000000100000000)
   the space 42368K,  15% used [0x00000000d6c00000, 0x00000000d7240090, 0x00000000d7240200, 0x00000000d9560000)
 Metaspace       used 21193K, capacity 21444K, committed 21504K, reserved 1069056K
  class space    used 2481K, capacity 2552K, committed 2560K, reserved 1048576K
}
Event: 11.193 GC heap before
{Heap before GC invocations=11 (full 1):
 def new generation   total 19136K, used 17985K [0x00000000c2200000, 0x00000000c36c0000, 0x00000000d6c00000)
  eden space 17024K, 100% used [0x00000000c2200000, 0x00000000c32a0000, 0x00000000c32a0000)
  from space 2112K,  45% used [0x00000000c34b0000, 0x00000000c35a04c0, 0x00000000c36c0000)
  to   space 2112K,   0% used [0x00000000c32a0000, 0x00000000c32a0000, 0x00000000c34b0000)
 tenured generation   total 42368K, used 6400K [0x00000000d6c00000, 0x00000000d9560000, 0x0000000100000000)
   the space 42368K,  15% used [0x00000000d6c00000, 0x00000000d7240090, 0x00000000d7240200, 0x00000000d9560000)
 Metaspace       used 21649K, capacity 21956K, committed 22144K, reserved 1069056K
  class space    used 2538K, capacity 2616K, committed 2688K, reserved 1048576K
Event: 11.195 GC heap after
Heap after GC invocations=12 (full 1):
 def new generation   total 19136K, used 1279K [0x00000000c2200000, 0x00000000c36c0000, 0x00000000d6c00000)
  eden space 17024K,   0% used [0x00000000c2200000, 0x00000000c2200000, 0x00000000c32a0000)
  from space 2112K,  60% used [0x00000000c32a0000, 0x00000000c33dff90, 0x00000000c34b0000)
  to   space 2112K,   0% used [0x00000000c34b0000, 0x00000000c34b0000, 0x00000000c36c0000)
 tenured generation   total 42368K, used 6400K [0x00000000d6c00000, 0x00000000d9560000, 0x0000000100000000)
   the space 42368K,  15% used [0x00000000d6c00000, 0x00000000d7240090, 0x00000000d7240200, 0x00000000d9560000)
 Metaspace       used 21649K, capacity 21956K, committed 22144K, reserved 1069056K
  class space    used 2538K, capacity 2616K, committed 2688K, reserved 1048576K
}
Event: 11.453 GC heap before
{Heap before GC invocations=12 (full 1):
 def new generation   total 19136K, used 6533K [0x00000000c2200000, 0x00000000c36c0000, 0x00000000d6c00000)
  eden space 17024K,  30% used [0x00000000c2200000, 0x00000000c2721700, 0x00000000c32a0000)
  from space 2112K,  60% used [0x00000000c32a0000, 0x00000000c33dff90, 0x00000000c34b0000)
  to   space 2112K,   0% used [0x00000000c34b0000, 0x00000000c34b0000, 0x00000000c36c0000)
 tenured generation   total 42368K, used 6400K [0x00000000d6c00000, 0x00000000d9560000, 0x0000000100000000)
   the space 42368K,  15% used [0x00000000d6c00000, 0x00000000d7240090, 0x00000000d7240200, 0x00000000d9560000)
 Metaspace       used 22057K, capacity 22340K, committed 22400K, reserved 1069056K
  class space    used 2588K, capacity 2680K, committed 2688K, reserved 1048576K
Event: 11.519 GC heap after
Heap after GC invocations=13 (full 2):
 def new generation   total 19136K, used 0K [0x00000000c2200000, 0x00000000c36c0000, 0x00000000d6c00000)
  eden space 17024K,   0% used [0x00000000c2200000, 0x00000000c2200000, 0x00000000c32a0000)
  from space 2112K,   0% used [0x00000000c34b0000, 0x00000000c34b0000, 0x00000000c36c0000)
  to   space 2112K,   0% used [0x00000000c32a0000, 0x00000000c32a0000, 0x00000000c34b0000)
 tenured generation   total 42368K, used 7497K [0x00000000d6c00000, 0x00000000d9560000, 0x0000000100000000)
   the space 42368K,  17% used [0x00000000d6c00000, 0x00000000d7352740, 0x00000000d7352800, 0x00000000d9560000)
 Metaspace       used 22057K, capacity 22340K, committed 22400K, reserved 1069056K
  class space    used 2588K, capacity 2680K, committed 2688K, reserved 1048576K
}

